   Compiling spectral-init v0.1.0 (/home/talon/projects/worktrees/research-lobpcg-degenerate-20260328-085304)
warning: unused import: `std::fs`
  --> tests/integration/test_simd_lobpcg_parity.rs:13:5
   |
13 | use std::fs;
   |     ^^^^^^^
   |
   = note: `#[warn(unused_imports)]` (part of `#[warn(unused)]`) on by default

warning: constant `SIMD_PARITY_F32_THRESHOLD` is never used
  --> tests/integration/test_simd_lobpcg_parity.rs:18:7
   |
18 | const SIMD_PARITY_F32_THRESHOLD: f64 = 4.0 * f32::EPSILON as f64;
   |       ^^^^^^^^^^^^^^^^^^^^^^^^^
   |
   = note: `#[warn(dead_code)]` (part of `#[warn(unused)]`) on by default

warning: constant `SUBSPACE_ANGLE_FAILURE_RAD` is never used
  --> tests/integration/test_simd_lobpcg_parity.rs:20:7
   |
20 | const SUBSPACE_ANGLE_FAILURE_RAD: f64 = 0.01;
   |       ^^^^^^^^^^^^^^^^^^^^^^^^^^

warning: function `epsilon_bridge_sqrt_deg` is never used
   --> tests/integration/test_simd_lobpcg_parity.rs:103:4
    |
103 | fn epsilon_bridge_sqrt_deg(cluster_size: usize, bridge_weight: f64) -> Array1<f64> {
    |    ^^^^^^^^^^^^^^^^^^^^^^^

warning: `spectral-init` (test "test_simd_lobpcg_parity") generated 4 warnings (run `cargo fix --test "test_simd_lobpcg_parity" -p spectral-init` to apply 1 suggestion)
    Finished `test` profile [unoptimized + debuginfo] target(s) in 2.76s
     Running tests/integration/test_simd_lobpcg_parity.rs (target/debug/deps/test_simd_lobpcg_parity-324acd468e8889b2)

running 3 tests
[timing:level_0] 10369µs
[timing:level_total] 10437µs
[timing:level_0] 11349µs
[timing:level_total] 11419µs
[timing:level_0] 11507µs
[timing:level_total] 11571µs
[timing:simd:level_0] 5682µs
[timing:simd:level_total] 5747µs
[timing:simd:level_0] 5225µs
[timing:simd:level_total] 5287µs
[timing:simd:level_0] 7027µs
[timing:simd:level_total] 7074µs
[timing:level_0] 3940µs
[timing:level_0] 4750µs
[timing:level_total] 4794µs
[timing:level_total] 4170µs
[timing:level_0] 3244µs
[timing:level_total] 3297µs
[timing:simd:level_0] 6089µs
[timing:simd:level_0] 5949µs
[timing:simd:level_total] 6164µs
[timing:simd:level_total] 5990µs
[timing:simd:level_0] 6399µs
[timing:simd:level_total] 6459µs
[timing:level_0] 6380µs
[timing:level_total] 6449µs
[timing:level_0] 6634µs
[timing:level_total] 6699µs
[timing:level_0] 6574µs
[timing:level_total] 6636µs
[timing:simd:level_0] 5300µs
[timing:simd:level_total] 5550µs
[timing:simd:level_0] 5486µs
[timing:simd:level_total] 5546µs
[timing:simd:level_0] 7580µs
[timing:simd:level_total] 7644µs
[timing:level_0] 5214µs
[timing:level_total] 5279µs
[timing:level_0] 7491µs
[timing:level_total] 7546µs
[timing:level_0] 7212µs
[timing:level_total] 7278µs
[timing:simd:level_0] 6910µs
[timing:simd:level_total] 6973µs
[timing:simd:level_0] 7324µs
[timing:simd:level_total] 7389µs
[timing:simd:level_0] 6093µs
[timing:simd:level_total] 6152µs
[timing:level_0] 5732µs
[timing:level_total] 5790µs
[timing:level_0] 6714µs
[timing:level_total] 6767µs
[timing:level_0] 6681µs
[timing:level_total] 6741µs
[timing:simd:level_0] 6638µs
[timing:simd:level_total] 6701µs
[timing:simd:level_0] 6051µs
[timing:simd:level_total] 6102µs
[timing:simd:level_0] 6608µs
[timing:simd:level_total] 6660µs
[timing:level_0] 6200µs
[timing:level_total] 6256µs
[timing:level_0] 5680µs
[timing:level_total] 5745µs
[timing:level_0] 6353µs
[timing:level_total] 6416µs
[timing:simd:level_0] 5777µs
[timing:simd:level_total] 5840µs
[timing:simd:level_0] 6210µs
[timing:simd:level_total] 6263µs
[timing:simd:level_0] 6202µs
[timing:simd:level_total] 6254µs
[timing:level_0] 6524µs
[timing:level_total] 6575µs
[timing:level_0] 5884µs
[timing:level_total] 5948µs
[timing:simd:level_0] 6081µs
[timing:level_0] 6978µs
[timing:simd:level_total] 6161µs
[timing:level_total] 7060µs
Wrote gap_sweep.json (7 entries)
test test_gap_sweep ... ok
[timing:simd:level_0] 5814µs
[timing:simd:level_total] 5868µs
test test_solver_level_parity ... ok
[timing:simd:level_0] 3371µs
[timing:simd:level_total] 3423µs
[timing:level_0] 3402µs
[timing:level_total] 3453µs
[timing:simd:level_0] 3231µs
[timing:simd:level_total] 3283µs
[timing:level_0] 3150µs
[timing:level_total] 3201µs
[timing:simd:level_0] 2925µs
[timing:simd:level_total] 2975µs
[timing:level_0] 3215µs
[timing:level_total] 3267µs
[timing:simd:level_0] 3121µs
[timing:simd:level_total] 3172µs
[timing:level_0] 3420µs
[timing:level_total] 3473µs
[timing:simd:level_0] 3195µs
[timing:simd:level_total] 3247µs
[timing:level_0] 3187µs
[timing:level_total] 3238µs
[timing:simd:level_0] 3253µs
[timing:simd:level_total] 3312µs
[timing:level_0] 3332µs
[timing:level_total] 3385µs
[timing:simd:level_0] 3313µs
[timing:simd:level_total] 3365µs
[timing:level_0] 3361µs
[timing:level_total] 3414µs
[timing:simd:level_0] 3244µs
[timing:simd:level_total] 3296µs
[timing:level_0] 3403µs
[timing:level_total] 3456µs
[timing:simd:level_0] 3293µs
[timing:simd:level_total] 3345µs
Wrote discrete_gaps.json (15 entries)
test test_discrete_multi_seed ... ok

test result: ok. 3 passed; 0 failed; 0 ignored; 0 measured; 0 filtered out; finished in 0.15s

